<?xml version="1.0" ?><testsuite name="me.sterus.lab3web.HitsBeanTests" time="0.234" timestamp="2024-05-02T19:40:44" tests="29" failures="0" skipped="0" aborted="0"><properties>
[...]
</properties><testcase classname="me.sterus.lab3web.HitsBeanTests" name="testEdges1quarter()" time="0.0"></testcase><testcase classname="me.sterus.lab3web.HitsBeanTests" name="testNoHit2quarter()" time="0.001"></testcase><testcase classname="me.sterus.lab3web.HitsBeanTests" name="testEdges2quarter(double, double)[2]" time="0.0"></testcase><testcase classname="me.sterus.lab3web.HitsBeanTests" name="testEdges2quarter(double, double)[1]" time="0.0"></testcase><testcase classname="me.sterus.lab3web.HitsBeanTests" name="infinities()" time="0.002"></testcase><testcase classname="me.sterus.lab3web.HitsBeanTests" name="testEdges2quarter(double, double)[4]" time="0.0"></testcase><testcase classname="me.sterus.lab3web.HitsBeanTests" name="testEdges2quarter(double, double)[3]" time="0.0"></testcase><testcase classname="me.sterus.lab3web.HitsBeanTests" name="testNoHit4quarter()" time="0.0"></testcase><testcase classname="me.sterus.lab3web.HitsBeanTests" name="testHit3quarter()" time="0.001"></testcase><testcase classname="me.sterus.lab3web.HitsBeanTests" name="testNoHit1quarter()" time="0.025"></testcase><testcase classname="me.sterus.lab3web.HitsBeanTests" name="notANumber()" time="0.001"></testcase><testcase classname="me.sterus.lab3web.HitsBeanTests" name="testEdges4quarter(double, double)[4]" time="0.0"></testcase><testcase classname="me.sterus.lab3web.HitsBeanTests" name="testEdges4quarter(double, double)[3]" time="0.0"></testcase><testcase classname="me.sterus.lab3web.HitsBeanTests" name="testNoHit3quarter()" time="0.001"></testcase><testcase classname="me.sterus.lab3web.HitsBeanTests" name="testEdges4quarter(double, double)[6]" time="0.001"></testcase><testcase classname="me.sterus.lab3web.HitsBeanTests" name="testEdges4quarter(double, double)[5]" time="0.001"></testcase><testcase classname="me.sterus.lab3web.HitsBeanTests" name="negativeRadius()" time="0.0"></testcase><testcase classname="me.sterus.lab3web.HitsBeanTests" name="testHit2quarter()" time="0.0"></testcase><testcase classname="me.sterus.lab3web.HitsBeanTests" name="testEdges4quarter(double, double)[2]" time="0.0"></testcase><testcase classname="me.sterus.lab3web.HitsBeanTests" name="testEdges4quarter(double, double)[1]" time="0.022"></testcase><testcase classname="me.sterus.lab3web.HitsBeanTests" name="testEdges3quarter(double, double)[5]" time="0.001"></testcase><testcase classname="me.sterus.lab3web.HitsBeanTests" name="testHit4quarter()" time="0.0"></testcase><testcase classname="me.sterus.lab3web.HitsBeanTests" name="testEdges3quarter(double, double)[4]" time="0.0"></testcase><testcase classname="me.sterus.lab3web.HitsBeanTests" name="testEdges3quarter(double, double)[7]" time="0.0"></testcase><testcase classname="me.sterus.lab3web.HitsBeanTests" name="testEdges3quarter(double, double)[6]" time="0.0"></testcase><testcase classname="me.sterus.lab3web.HitsBeanTests" name="testEdges3quarter(double, double)[8]" time="0.0"></testcase><testcase classname="me.sterus.lab3web.HitsBeanTests" name="testEdges3quarter(double, double)[1]" time="0.0"></testcase><testcase classname="me.sterus.lab3web.HitsBeanTests" name="testEdges3quarter(double, double)[3]" time="0.0"></testcase><testcase classname="me.sterus.lab3web.HitsBeanTests" name="testEdges3quarter(double, double)[2]" time="0.002"></testcase></testsuite>